2026-03-05 07:43:57,182 - INFO - CPU=0.1% MEM=6.7%
2026-03-05 07:44:03,188 - INFO - CPU=0.0% MEM=6.7%
2026-03-05 07:44:09,200 - INFO - CPU=0.1% MEM=6.8%
2026-03-05 07:44:15,211 - INFO - CPU=0.0% MEM=6.8%
2026-03-05 07:44:21,218 - INFO - CPU=0.0% MEM=6.8%
2026-03-05 07:44:27,228 - INFO - CPU=0.1% MEM=6.8%
2026-03-05 07:44:33,236 - INFO - CPU=0.1% MEM=6.8%
2026-03-05 07:44:39,247 - INFO - CPU=0.1% MEM=6.8%
2026-03-05 07:44:45,258 - INFO - CPU=0.0% MEM=6.8%
2026-03-05 07:44:51,267 - INFO - CPU=0.0% MEM=6.8%
2026-03-05 07:44:57,275 - INFO - CPU=0.4% MEM=6.8%
2026-03-05 07:45:03,283 - INFO - CPU=0.0% MEM=6.9%
2026-03-05 07:45:09,292 - INFO - CPU=0.0% MEM=6.8%
2026-03-05 07:45:15,300 - INFO - CPU=0.0% MEM=6.8%
2026-03-05 07:45:21,309 - INFO - CPU=0.0% MEM=6.8%
2026-03-05 07:45:27,318 - INFO - CPU=0.0% MEM=6.8%
2026-03-05 07:45:33,332 - INFO - CPU=0.2% MEM=6.8%
2026-03-05 07:45:39,344 - INFO - CPU=0.1% MEM=6.8%
2026-03-05 07:45:45,353 - INFO - CPU=0.1% MEM=6.8%
2026-03-05 07:45:51,361 - INFO - CPU=0.0% MEM=6.8%
2026-03-05 07:45:57,367 - INFO - CPU=0.1% MEM=6.8%
2026-03-05 07:46:03,378 - INFO - CPU=0.0% MEM=6.7%
2026-03-05 07:46:09,385 - INFO - CPU=0.2% MEM=6.7%
2026-03-05 07:46:15,394 - INFO - CPU=0.1% MEM=6.7%
2026-03-05 07:46:21,405 - INFO - CPU=0.0% MEM=6.7%
2026-03-05 07:46:27,413 - INFO - CPU=0.0% MEM=6.7%
2026-03-05 07:46:33,421 - INFO - CPU=0.0% MEM=6.7%
2026-03-05 07:46:39,431 - INFO - CPU=0.2% MEM=6.7%
2026-03-05 07:46:45,434 - INFO - CPU=0.0% MEM=6.7%
2026-03-05 07:46:51,439 - INFO - CPU=0.1% MEM=6.7%
2026-03-06 08:28:46,095 - INFO - CPU=0.0% MEM=6.5%
2026-03-06 08:28:52,100 - INFO - CPU=0.3% MEM=6.6%
2026-03-06 08:28:58,110 - INFO - CPU=0.1% MEM=6.6%
2026-03-06 08:29:04,115 - INFO - CPU=0.0% MEM=6.8%
2026-03-06 08:29:10,120 - INFO - CPU=0.2% MEM=6.8%
2026-03-06 08:29:16,156 - INFO - CPU=0.6% MEM=6.7%
2026-03-06 08:29:22,166 - INFO - CPU=0.0% MEM=6.7%
2026-03-06 08:29:28,171 - INFO - CPU=0.0% MEM=6.8%
2026-03-06 08:29:34,179 - INFO - CPU=0.0% MEM=6.8%
2026-03-06 08:29:40,186 - INFO - CPU=0.0% MEM=6.8%
2026-03-06 08:29:46,189 - INFO - CPU=0.1% MEM=7.0%
2026-03-06 08:29:52,199 - INFO - CPU=0.1% MEM=7.0%
2026-03-06 08:29:58,209 - INFO - CPU=0.0% MEM=7.0%
2026-03-06 08:30:04,217 - INFO - CPU=0.0% MEM=7.0%
2026-03-06 08:30:10,225 - INFO - CPU=0.0% MEM=7.0%
2026-03-06 08:30:16,235 - INFO - CPU=0.0% MEM=7.0%
2026-03-06 08:30:22,244 - INFO - CPU=0.0% MEM=7.0%
2026-03-06 08:30:28,248 - INFO - CPU=0.2% MEM=7.0%
2026-03-06 08:30:34,256 - INFO - CPU=0.1% MEM=7.0%
2026-03-06 08:30:40,266 - INFO - CPU=0.0% MEM=7.0%
2026-03-06 08:30:46,279 - INFO - CPU=0.2% MEM=7.0%
2026-03-06 08:30:52,287 - INFO - CPU=0.0% MEM=7.0%
2026-03-06 08:30:58,294 - INFO - CPU=0.1% MEM=7.0%
2026-03-06 08:31:04,303 - INFO - CPU=0.0% MEM=7.0%
2026-03-06 08:31:10,308 - INFO - CPU=0.1% MEM=6.9%
2026-03-06 08:31:16,321 - INFO - CPU=0.2% MEM=7.0%
2026-03-06 08:42:34,838 - INFO - CPU=0.1% MEM=6.5%
2026-03-06 08:42:40,848 - INFO - CPU=0.6% MEM=6.5%
2026-03-06 08:42:46,858 - INFO - CPU=0.0% MEM=6.5%
2026-03-06 08:42:52,866 - INFO - CPU=0.0% MEM=6.6%
2026-03-06 08:42:58,876 - INFO - CPU=0.0% MEM=6.6%
2026-03-06 08:43:04,882 - INFO - CPU=0.1% MEM=6.6%
2026-03-06 08:43:10,895 - INFO - CPU=0.1% MEM=6.6%
2026-03-06 08:43:16,904 - INFO - CPU=0.1% MEM=6.6%
2026-03-06 08:43:22,913 - INFO - CPU=0.1% MEM=6.6%
2026-03-06 08:43:28,923 - INFO - CPU=0.2% MEM=6.8%
2026-03-06 08:43:34,929 - INFO - CPU=0.4% MEM=6.7%
2026-03-06 08:43:40,935 - INFO - CPU=0.0% MEM=6.7%
2026-03-06 08:43:46,941 - INFO - CPU=-0.0% MEM=6.7%
2026-03-06 08:43:52,948 - INFO - CPU=0.1% MEM=6.8%
2026-03-06 08:43:58,956 - INFO - CPU=0.0% MEM=6.8%
2026-03-06 08:44:04,968 - INFO - CPU=0.2% MEM=6.9%
2026-03-06 08:44:10,979 - INFO - CPU=0.0% MEM=6.9%
2026-03-06 08:44:16,990 - INFO - CPU=0.1% MEM=6.9%
2026-03-06 08:44:23,001 - INFO - CPU=0.0% MEM=6.9%
2026-03-06 08:44:29,010 - INFO - CPU=-0.0% MEM=7.0%
2026-03-06 08:44:35,023 - INFO - CPU=0.2% MEM=6.9%
2026-03-06 08:44:41,029 - INFO - CPU=0.0% MEM=7.0%
2026-03-06 08:44:47,042 - INFO - CPU=0.0% MEM=7.0%
2026-03-06 08:44:53,053 - INFO - CPU=-0.0% MEM=7.0%
2026-03-06 08:44:59,063 - INFO - CPU=0.1% MEM=7.0%
2026-03-06 09:05:15,558 - INFO - CPU=0.2% MEM=6.4%
2026-03-06 09:05:21,568 - INFO - CPU=0.0% MEM=6.4%
2026-03-06 09:05:27,575 - INFO - CPU=0.1% MEM=6.5%
2026-03-06 09:05:33,586 - INFO - CPU=0.0% MEM=6.5%
2026-03-06 09:05:39,595 - INFO - CPU=0.0% MEM=6.5%
2026-03-06 09:05:45,599 - INFO - CPU=0.1% MEM=6.5%
2026-03-06 09:05:51,605 - INFO - CPU=0.0% MEM=6.5%
2026-03-06 09:05:57,613 - INFO - CPU=0.0% MEM=6.5%
2026-03-06 09:06:03,622 - INFO - CPU=0.1% MEM=6.5%
2026-03-06 09:06:09,634 - INFO - CPU=0.0% MEM=6.5%
2026-03-06 09:06:15,643 - INFO - CPU=0.1% MEM=6.6%
2026-03-06 09:06:21,648 - INFO - CPU=0.0% MEM=6.6%
2026-03-06 09:06:27,655 - INFO - CPU=0.1% MEM=6.6%
2026-03-06 09:06:33,662 - INFO - CPU=0.0% MEM=6.6%
2026-03-06 09:06:39,669 - INFO - CPU=0.1% MEM=6.7%
2026-03-06 09:06:45,671 - INFO - CPU=0.0% MEM=6.7%
2026-03-06 09:06:51,677 - INFO - CPU=0.1% MEM=6.7%
2026-03-06 09:06:57,680 - INFO - CPU=0.0% MEM=6.7%
2026-03-06 09:07:03,685 - INFO - CPU=0.1% MEM=6.7%
2026-03-06 09:07:09,690 - INFO - CPU=0.0% MEM=6.8%
2026-03-06 09:07:15,698 - INFO - CPU=0.2% MEM=6.7%
2026-03-06 09:07:21,703 - INFO - CPU=0.0% MEM=6.7%
2026-03-06 09:07:27,706 - INFO - CPU=0.0% MEM=6.8%
2026-03-06 09:07:33,709 - INFO - CPU=0.0% MEM=6.8%
2026-03-06 09:07:39,722 - INFO - CPU=0.1% MEM=6.8%
2026-03-06 09:07:45,733 - INFO - CPU=0.2% MEM=6.8%
2026-03-06 09:07:51,738 - INFO - CPU=0.0% MEM=6.8%
2026-03-06 09:07:57,748 - INFO - CPU=0.0% MEM=6.8%
2026-03-06 09:08:03,760 - INFO - CPU=0.1% MEM=6.8%
2026-03-06 09:08:09,768 - INFO - CPU=0.0% MEM=6.8%
2026-03-06 09:08:15,777 - INFO - CPU=0.1% MEM=6.9%
2026-03-06 09:08:21,784 - INFO - CPU=0.0% MEM=6.8%
2026-03-06 09:08:27,790 - INFO - CPU=0.0% MEM=6.9%
2026-03-06 09:08:33,797 - INFO - CPU=0.1% MEM=6.9%
2026-03-06 09:08:39,805 - INFO - CPU=0.0% MEM=6.9%
2026-03-06 09:08:45,814 - INFO - CPU=0.2% MEM=6.9%
2026-03-06 09:08:51,819 - INFO - CPU=0.0% MEM=6.9%
2026-03-06 09:08:57,837 - INFO - CPU=0.1% MEM=6.9%
2026-03-06 09:09:03,849 - INFO - CPU=0.1% MEM=6.9%
2026-03-06 09:09:09,853 - INFO - CPU=0.0% MEM=6.9%
2026-03-06 09:09:15,865 - INFO - CPU=0.1% MEM=6.9%
2026-03-06 09:09:21,872 - INFO - CPU=0.0% MEM=6.9%
2026-03-06 09:09:27,877 - INFO - CPU=0.0% MEM=6.9%
2026-03-06 09:09:33,885 - INFO - CPU=0.0% MEM=6.9%
2026-03-06 09:09:39,894 - INFO - CPU=0.0% MEM=6.9%
2026-03-06 09:09:45,908 - INFO - CPU=0.2% MEM=6.9%
2026-03-06 09:09:51,914 - INFO - CPU=-0.0% MEM=6.9%
2026-03-06 09:09:57,923 - INFO - CPU=0.0% MEM=6.9%
2026-03-06 09:10:03,932 - INFO - CPU=0.0% MEM=7.0%
2026-03-06 09:10:09,950 - INFO - CPU=0.1% MEM=7.0%
2026-03-06 09:10:15,959 - INFO - CPU=0.2% MEM=7.0%
2026-03-06 09:10:21,965 - INFO - CPU=0.0% MEM=7.0%
2026-03-06 09:10:27,977 - INFO - CPU=0.0% MEM=7.0%
2026-03-06 09:10:33,983 - INFO - CPU=0.0% MEM=7.0%
2026-03-06 09:10:39,991 - INFO - CPU=0.0% MEM=7.0%
2026-03-06 09:10:46,005 - INFO - CPU=0.2% MEM=6.9%
2026-03-06 09:10:52,014 - INFO - CPU=0.0% MEM=6.9%
2026-03-06 09:10:56,409 - INFO - CPU=0.0% MEM=6.6%
2026-03-06 09:11:02,418 - INFO - CPU=0.0% MEM=6.6%
2026-03-06 09:11:08,429 - INFO - CPU=0.0% MEM=6.6%
2026-03-06 09:11:14,437 - INFO - CPU=2.0% MEM=6.6%
2026-03-06 09:11:20,442 - INFO - CPU=0.0% MEM=6.6%
2026-03-06 09:11:26,450 - INFO - CPU=0.6% MEM=6.6%
2026-03-06 09:11:32,462 - INFO - CPU=0.0% MEM=6.6%
2026-03-06 09:11:38,473 - INFO - CPU=0.0% MEM=6.7%
2026-03-06 09:11:44,482 - INFO - CPU=0.1% MEM=6.7%
2026-03-06 09:11:50,491 - INFO - CPU=0.0% MEM=6.7%
2026-03-06 09:11:56,495 - INFO - CPU=0.0% MEM=6.7%
2026-03-06 09:12:02,507 - INFO - CPU=0.0% MEM=6.7%
2026-03-06 09:12:08,515 - INFO - CPU=0.1% MEM=6.7%
2026-03-06 09:12:14,521 - INFO - CPU=1.0% MEM=6.7%
2026-03-06 09:12:20,529 - INFO - CPU=0.0% MEM=6.7%
2026-03-06 09:12:26,533 - INFO - CPU=0.1% MEM=6.7%
2026-03-06 09:12:32,540 - INFO - CPU=0.2% MEM=6.7%
2026-03-06 09:12:38,546 - INFO - CPU=0.0% MEM=6.7%
2026-03-06 09:12:44,553 - INFO - CPU=0.0% MEM=6.7%
2026-03-06 09:12:50,559 - INFO - CPU=0.0% MEM=6.7%
2026-03-06 09:12:56,563 - INFO - CPU=0.1% MEM=6.7%
2026-03-06 09:13:02,570 - INFO - CPU=0.0% MEM=6.7%
2026-03-06 09:13:08,576 - INFO - CPU=0.0% MEM=6.7%
2026-03-06 09:13:14,584 - INFO - CPU=1.1% MEM=6.7%
2026-03-06 09:13:20,594 - INFO - CPU=0.0% MEM=6.7%
2026-03-06 09:13:26,601 - INFO - CPU=0.0% MEM=6.7%
2026-03-06 09:13:32,610 - INFO - CPU=0.0% MEM=6.7%
2026-03-06 09:13:38,622 - INFO - CPU=0.0% MEM=6.7%
2026-03-06 09:13:44,635 - INFO - CPU=0.1% MEM=6.7%
2026-03-06 09:13:50,647 - INFO - CPU=0.0% MEM=6.8%
2026-03-06 09:13:56,659 - INFO - CPU=0.1% MEM=6.8%
2026-03-06 09:14:02,670 - INFO - CPU=0.0% MEM=6.8%
2026-03-06 09:14:08,678 - INFO - CPU=0.0% MEM=6.8%
2026-03-06 09:14:14,690 - INFO - CPU=1.0% MEM=6.8%
2026-03-06 09:14:20,701 - INFO - CPU=0.4% MEM=6.8%
2026-03-06 09:14:26,710 - INFO - CPU=0.2% MEM=6.8%
2026-03-06 09:16:12,140 - INFO - CPU=0.2% MEM=6.8%
2026-03-06 09:16:18,146 - INFO - CPU=0.0% MEM=6.8%
2026-03-06 09:16:24,155 - INFO - CPU=0.1% MEM=6.8%
2026-03-06 09:16:30,169 - INFO - CPU=0.1% MEM=6.8%
2026-03-06 09:16:36,173 - INFO - CPU=0.0% MEM=6.8%
2026-03-06 09:16:42,182 - INFO - CPU=0.4% MEM=6.9%
2026-03-06 09:16:48,187 - INFO - CPU=0.0% MEM=6.9%
2026-03-06 09:16:54,201 - INFO - CPU=0.0% MEM=6.9%
2026-03-06 09:17:00,206 - INFO - CPU=0.1% MEM=6.9%
2026-03-06 09:17:06,215 - INFO - CPU=0.1% MEM=6.9%
2026-03-06 09:17:12,221 - INFO - CPU=0.0% MEM=6.9%
2026-03-06 09:17:18,228 - INFO - CPU=-0.0% MEM=7.0%
2026-03-06 09:17:24,233 - INFO - CPU=0.1% MEM=6.9%
2026-03-06 09:17:30,242 - INFO - CPU=0.2% MEM=6.9%
2026-03-06 09:17:36,248 - INFO - CPU=0.0% MEM=6.9%
2026-03-06 09:17:42,251 - INFO - CPU=0.2% MEM=6.9%
2026-03-06 09:17:48,260 - INFO - CPU=0.0% MEM=6.8%
2026-03-06 09:17:54,266 - INFO - CPU=0.1% MEM=6.8%
2026-03-06 09:18:00,279 - INFO - CPU=7.0% MEM=7.3%
2026-03-06 09:18:06,282 - INFO - CPU=6.6% MEM=7.6%
2026-03-06 09:18:12,285 - INFO - CPU=4.2% MEM=8.1%
2026-03-06 09:18:18,296 - INFO - CPU=1.9% MEM=8.6%
2026-03-06 09:18:24,303 - INFO - CPU=0.6% MEM=9.1%
2026-03-06 09:18:30,312 - INFO - CPU=2.9% MEM=9.6%
2026-03-06 09:18:36,322 - INFO - CPU=5.3% MEM=10.0%
2026-03-06 09:18:42,331 - INFO - CPU=6.7% MEM=10.5%
2026-03-06 09:18:42,331 - WARNING - Threshold breached → Auto-healing triggered
2026-03-06 09:18:42,335 - ERROR - Healing failed: [Errno 2] No such file or directory: 'pkill'
2026-03-06 09:18:48,340 - INFO - CPU=7.0% MEM=11.1%
2026-03-06 09:18:48,341 - WARNING - Threshold breached → Auto-healing triggered
2026-03-06 09:18:48,342 - ERROR - Healing failed: [Errno 2] No such file or directory: 'pkill'
2026-03-06 09:18:54,345 - INFO - CPU=6.9% MEM=11.8%
2026-03-06 09:18:54,345 - WARNING - Threshold breached → Auto-healing triggered
2026-03-06 09:18:54,346 - ERROR - Healing failed: [Errno 2] No such file or directory: 'pkill'
2026-03-06 09:19:00,358 - INFO - CPU=4.4% MEM=12.1%
2026-03-06 09:19:00,358 - WARNING - Threshold breached → Auto-healing triggered
2026-03-06 09:19:00,359 - ERROR - Healing failed: [Errno 2] No such file or directory: 'pkill'
2026-03-06 09:19:06,367 - INFO - CPU=1.7% MEM=12.6%
2026-03-06 09:19:06,367 - WARNING - Threshold breached → Auto-healing triggered
2026-03-06 09:19:06,368 - ERROR - Healing failed: [Errno 2] No such file or directory: 'pkill'
2026-03-06 09:19:12,376 - INFO - CPU=0.5% MEM=13.1%
2026-03-06 09:19:12,376 - WARNING - Threshold breached → Auto-healing triggered
2026-03-06 09:19:12,377 - ERROR - Healing failed: [Errno 2] No such file or directory: 'pkill'
2026-03-06 09:19:18,391 - INFO - CPU=2.4% MEM=13.5%
2026-03-06 09:19:18,392 - WARNING - Threshold breached → Auto-healing triggered
2026-03-06 09:19:18,393 - ERROR - Healing failed: [Errno 2] No such file or directory: 'pkill'
2026-03-06 09:19:24,399 - INFO - CPU=4.6% MEM=14.1%
2026-03-06 09:19:24,399 - WARNING - Threshold breached → Auto-healing triggered
2026-03-06 09:19:24,400 - ERROR - Healing failed: [Errno 2] No such file or directory: 'pkill'
2026-03-06 09:19:30,406 - INFO - CPU=6.7% MEM=14.5%
2026-03-06 09:19:30,406 - WARNING - Threshold breached → Auto-healing triggered
2026-03-06 09:19:30,408 - ERROR - Healing failed: [Errno 2] No such file or directory: 'pkill'
2026-03-06 09:19:36,421 - INFO - CPU=6.6% MEM=15.0%
2026-03-06 09:19:36,421 - WARNING - Threshold breached → Auto-healing triggered
2026-03-06 09:19:36,423 - ERROR - Healing failed: [Errno 2] No such file or directory: 'pkill'
2026-03-06 09:19:42,431 - INFO - CPU=6.9% MEM=15.5%
2026-03-06 09:19:42,431 - WARNING - Threshold breached → Auto-healing triggered
2026-03-06 09:19:42,432 - ERROR - Healing failed: [Errno 2] No such file or directory: 'pkill'
2026-03-06 09:19:48,441 - INFO - CPU=6.2% MEM=15.9%
2026-03-06 09:19:48,441 - WARNING - Threshold breached → Auto-healing triggered
2026-03-06 09:19:48,442 - ERROR - Healing failed: [Errno 2] No such file or directory: 'pkill'
2026-03-06 09:19:54,454 - INFO - CPU=4.0% MEM=16.4%
2026-03-06 09:19:54,454 - WARNING - Threshold breached → Auto-healing triggered
2026-03-06 09:19:54,454 - ERROR - Healing failed: [Errno 2] No such file or directory: 'pkill'
2026-03-06 09:20:00,461 - INFO - CPU=2.0% MEM=16.9%
2026-03-06 09:20:00,461 - WARNING - Threshold breached → Auto-healing triggered
2026-03-06 09:20:00,461 - ERROR - Healing failed: [Errno 2] No such file or directory: 'pkill'
2026-03-06 09:20:06,471 - INFO - CPU=0.7% MEM=17.3%
2026-03-06 09:20:06,472 - WARNING - Threshold breached → Auto-healing triggered
2026-03-06 09:20:06,473 - ERROR - Healing failed: [Errno 2] No such file or directory: 'pkill'
2026-03-06 09:20:12,480 - INFO - CPU=3.5% MEM=17.8%
2026-03-06 09:20:12,481 - WARNING - Threshold breached → Auto-healing triggered
2026-03-06 09:20:12,482 - ERROR - Healing failed: [Errno 2] No such file or directory: 'pkill'
2026-03-06 09:20:18,489 - INFO - CPU=5.7% MEM=18.2%
2026-03-06 09:20:18,490 - WARNING - Threshold breached → Auto-healing triggered
2026-03-06 09:20:18,491 - ERROR - Healing failed: [Errno 2] No such file or directory: 'pkill'
2026-03-06 09:20:24,503 - INFO - CPU=7.0% MEM=18.7%
2026-03-06 09:20:24,504 - WARNING - Threshold breached → Auto-healing triggered
2026-03-06 09:20:24,505 - ERROR - Healing failed: [Errno 2] No such file or directory: 'pkill'
2026-03-06 09:20:30,517 - INFO - CPU=7.0% MEM=19.2%
2026-03-06 09:20:30,518 - WARNING - Threshold breached → Auto-healing triggered
2026-03-06 09:20:30,518 - ERROR - Healing failed: [Errno 2] No such file or directory: 'pkill'
2026-03-06 09:20:36,525 - INFO - CPU=0.0% MEM=7.1%
2026-03-06 09:21:36,948 - INFO - CPU=0.0% MEM=7.1%
2026-03-06 09:21:42,959 - INFO - CPU=-0.0% MEM=7.1%
2026-03-06 09:21:48,972 - INFO - CPU=0.6% MEM=7.2%
2026-03-06 09:21:54,985 - INFO - CPU=0.0% MEM=7.2%
2026-03-06 09:22:00,996 - INFO - CPU=0.1% MEM=7.2%
2026-03-06 09:22:07,005 - INFO - CPU=0.4% MEM=7.2%
2026-03-06 09:22:13,014 - INFO - CPU=0.0% MEM=7.2%
2026-03-06 09:22:19,020 - INFO - CPU=0.4% MEM=7.3%
2026-03-06 09:22:25,025 - INFO - CPU=0.0% MEM=7.3%
2026-03-06 09:22:31,028 - INFO - CPU=0.2% MEM=7.3%
2026-03-06 09:22:37,032 - INFO - CPU=0.0% MEM=7.2%
2026-03-06 09:22:43,040 - INFO - CPU=0.2% MEM=7.2%
2026-03-06 09:22:49,051 - INFO - CPU=-0.0% MEM=7.2%
2026-03-06 09:22:55,057 - INFO - CPU=0.0% MEM=7.2%
2026-03-06 09:23:01,066 - INFO - CPU=0.1% MEM=7.2%
2026-03-06 09:23:07,078 - INFO - CPU=0.1% MEM=7.1%
2026-03-06 09:23:13,086 - INFO - CPU=0.0% MEM=7.1%
2026-03-06 09:23:19,097 - INFO - CPU=0.0% MEM=7.1%
2026-03-06 09:23:25,105 - INFO - CPU=0.1% MEM=7.1%
2026-03-06 09:23:31,115 - INFO - CPU=7.5% MEM=7.4%
2026-03-06 09:23:37,125 - INFO - CPU=7.2% MEM=7.8%
2026-03-06 09:23:43,133 - INFO - CPU=4.7% MEM=8.2%
2026-03-06 09:23:49,144 - INFO - CPU=0.9% MEM=8.7%
2026-03-06 09:23:55,155 - INFO - CPU=2.7% MEM=9.2%
2026-03-06 09:24:01,161 - INFO - CPU=7.4% MEM=9.7%
2026-03-06 09:24:07,173 - INFO - CPU=7.1% MEM=10.1%
2026-03-06 09:24:07,173 - WARNING - Threshold breached → Auto-healing triggered
2026-03-06 09:24:07,175 - INFO - Simulated restart for process: python
2026-03-06 09:24:13,189 - INFO - CPU=0.0% MEM=7.1%
2026-03-06 09:24:19,195 - INFO - CPU=0.0% MEM=7.1%
2026-03-06 09:24:25,208 - INFO - CPU=0.1% MEM=7.1%
2026-03-06 09:24:31,217 - INFO - CPU=0.1% MEM=7.1%
2026-03-06 09:24:37,230 - INFO - CPU=0.0% MEM=7.2%
2026-03-06 09:24:43,237 - INFO - CPU=0.1% MEM=7.2%
2026-03-06 09:24:49,246 - INFO - CPU=-0.0% MEM=7.2%
2026-03-06 09:24:55,255 - INFO - CPU=0.1% MEM=7.2%
2026-03-06 09:25:01,263 - INFO - CPU=0.2% MEM=7.2%
2026-03-06 09:25:07,268 - INFO - CPU=0.1% MEM=7.2%
2026-03-06 09:25:13,280 - INFO - CPU=0.1% MEM=7.2%
2026-03-06 09:25:19,284 - INFO - CPU=0.0% MEM=7.2%
2026-03-06 09:25:25,290 - INFO - CPU=-0.0% MEM=7.2%
2026-03-06 09:25:31,298 - INFO - CPU=0.1% MEM=7.2%
2026-03-06 09:25:37,305 - INFO - CPU=0.2% MEM=7.2%
